<?xml version="1.0" encoding="UTF-8"?>
<!-- Generated by org.testng.reporters.JUnitXMLReporter -->
<testsuite ignored="2" hostname="ProSmart-PC" failures="1" tests="1" name="Facebook Test" time="19.186" errors="0" timestamp="2023-05-07T12:01:44 EDT">
  <testcase classname="com.pro.rough.TwoTest" name="facebookTest" time="5.134">
    <failure type="java.lang.AssertionError" message="expected [false] but found [true]">
      <![CDATA[java.lang.AssertionError: expected [false] but found [true]
at com.pro.rough.TwoTest.facebookTest(TwoTest.java:32)
at java.base/java.util.ArrayList.forEach(ArrayList.java:1511)
... Removed 31 stack frames]]>
    </failure>
  </testcase> <!-- facebookTest -->
  <testcase classname="com.pro.rough.TwoTest" name="googleTest" time="0.0">
    <ignored/>
  </testcase> <!-- googleTest -->
  <testcase classname="com.pro.rough.TwoTest" name="hackerrankTest" time="0.0">
    <ignored/>
  </testcase> <!-- hackerrankTest -->
</testsuite> <!-- Facebook Test -->
